InnoDB: using atomic writes.
2020-05-13 14:09:02 0 [Note] InnoDB: Mutexes and rw_locks use Windows interlocked functions
2020-05-13 14:09:02 0 [Note] InnoDB: Uses event mutexes
2020-05-13 14:09:02 0 [Note] InnoDB: Compressed tables use zlib 1.2.11
2020-05-13 14:09:02 0 [Note] InnoDB: Number of pools: 1
2020-05-13 14:09:02 0 [Note] InnoDB: Using SSE2 crc32 instructions
2020-05-13 14:09:02 0 [Note] InnoDB: Initializing buffer pool, total size = 16M, instances = 1, chunk size = 16M
2020-05-13 14:09:02 0 [Note] InnoDB: Completed initialization of buffer pool
2020-05-13 14:09:02 0 [Note] InnoDB: Starting crash recovery from checkpoint LSN=300288
2020-05-13 14:09:02 0 [Note] InnoDB: 128 out of 128 rollback segments are active.
2020-05-13 14:09:02 0 [Note] InnoDB: Removed temporary tablespace data file: "ibtmp1"
2020-05-13 14:09:02 0 [Note] InnoDB: Creating shared tablespace for temporary tables
2020-05-13 14:09:02 0 [Note] InnoDB: Setting file 'C:\xampp\mysql\data\ibtmp1' size to 12 MB. Physically writing the file full; Please wait ...
2020-05-13 14:09:02 0 [Note] InnoDB: File 'C:\xampp\mysql\data\ibtmp1' size is now 12 MB.
2020-05-13 14:09:02 0 [Note] InnoDB: Waiting for purge to start
2020-05-13 14:09:02 0 [Note] InnoDB: 10.4.11 started; log sequence number 300297; transaction id 171
2020-05-13 14:09:02 0 [Note] InnoDB: Loading buffer pool(s) from C:\xampp\mysql\data\ib_buffer_pool
2020-05-13 14:09:02 0 [Note] Plugin 'FEEDBACK' is disabled.
2020-05-13 14:09:02 0 [Note] Server socket created on IP: '::'.
InnoDB: using atomic writes.
2020-05-17 19:22:36 0 [Note] InnoDB: Mutexes and rw_locks use Windows interlocked functions
2020-05-17 19:22:36 0 [Note] InnoDB: Uses event mutexes
2020-05-17 19:22:36 0 [Note] InnoDB: Compressed tables use zlib 1.2.11
2020-05-17 19:22:36 0 [Note] InnoDB: Number of pools: 1
2020-05-17 19:22:36 0 [Note] InnoDB: Using SSE2 crc32 instructions
2020-05-17 19:22:36 0 [Note] InnoDB: Initializing buffer pool, total size = 16M, instances = 1, chunk size = 16M
2020-05-17 19:22:36 0 [Note] InnoDB: Completed initialization of buffer pool
2020-05-17 19:22:36 0 [Note] InnoDB: Starting crash recovery from checkpoint LSN=300638
2020-05-17 19:22:36 0 [Note] InnoDB: 128 out of 128 rollback segments are active.
2020-05-17 19:22:36 0 [Note] InnoDB: Removed temporary tablespace data file: "ibtmp1"
2020-05-17 19:22:36 0 [Note] InnoDB: Creating shared tablespace for temporary tables
2020-05-17 19:22:36 0 [Note] InnoDB: Setting file 'C:\xampp\mysql\data\ibtmp1' size to 12 MB. Physically writing the file full; Please wait ...
2020-05-17 19:22:36 0 [Note] InnoDB: File 'C:\xampp\mysql\data\ibtmp1' size is now 12 MB.
2020-05-17 19:22:36 0 [Note] InnoDB: Waiting for purge to start
2020-05-17 19:22:36 0 [Note] InnoDB: 10.4.11 started; log sequence number 300647; transaction id 195
2020-05-17 19:22:36 0 [Note] InnoDB: Loading buffer pool(s) from C:\xampp\mysql\data\ib_buffer_pool
2020-05-17 19:22:36 0 [Note] Plugin 'FEEDBACK' is disabled.
2020-05-17 19:22:36 0 [Note] InnoDB: Buffer pool(s) load completed at 200517 19:22:36
2020-05-17 19:22:36 0 [Note] Server socket created on IP: '::'.
InnoDB: using atomic writes.
2020-05-27 14:04:40 0 [Note] InnoDB: Mutexes and rw_locks use Windows interlocked functions
2020-05-27 14:04:40 0 [Note] InnoDB: Uses event mutexes
2020-05-27 14:04:40 0 [Note] InnoDB: Compressed tables use zlib 1.2.11
2020-05-27 14:04:40 0 [Note] InnoDB: Number of pools: 1
2020-05-27 14:04:40 0 [Note] InnoDB: Using SSE2 crc32 instructions
2020-05-27 14:04:40 0 [Note] InnoDB: Initializing buffer pool, total size = 16M, instances = 1, chunk size = 16M
2020-05-27 14:04:40 0 [Note] InnoDB: Completed initialization of buffer pool
2020-05-27 14:04:40 0 [Note] InnoDB: Starting crash recovery from checkpoint LSN=326975
2020-05-27 14:04:41 0 [Note] InnoDB: 128 out of 128 rollback segments are active.
2020-05-27 14:04:41 0 [Note] InnoDB: Removed temporary tablespace data file: "ibtmp1"
2020-05-27 14:04:41 0 [Note] InnoDB: Creating shared tablespace for temporary tables
2020-05-27 14:04:41 0 [Note] InnoDB: Setting file 'C:\xampp\mysql\data\ibtmp1' size to 12 MB. Physically writing the file full; Please wait ...
2020-05-27 14:04:41 0 [Note] InnoDB: File 'C:\xampp\mysql\data\ibtmp1' size is now 12 MB.
2020-05-27 14:04:41 0 [Note] InnoDB: Waiting for purge to start
2020-05-27 14:04:41 0 [Note] InnoDB: 10.4.11 started; log sequence number 326984; transaction id 258
2020-05-27 14:04:41 0 [Note] InnoDB: Loading buffer pool(s) from C:\xampp\mysql\data\ib_buffer_pool
2020-05-27 14:04:41 0 [Note] Plugin 'FEEDBACK' is disabled.
2020-05-27 14:04:41 0 [Note] InnoDB: Buffer pool(s) load completed at 200527 14:04:41
2020-05-27 14:04:41 0 [Note] Server socket created on IP: '::'.
2020-05-27 14:04:41 0 [Note] Reading of all Master_info entries succeeded
2020-05-27 14:04:41 0 [Note] Added new Master_info '' to hash table
2020-05-27 14:04:41 0 [Note] mysql\bin\mysqld.exe: ready for connections.
Version: '10.4.11-MariaDB'  socket: ''  port: 3306  mariadb.org binary distribution
InnoDB: using atomic writes.
2020-05-29  0:59:48 0 [Note] InnoDB: Mutexes and rw_locks use Windows interlocked functions
2020-05-29  0:59:48 0 [Note] InnoDB: Uses event mutexes
2020-05-29  0:59:48 0 [Note] InnoDB: Compressed tables use zlib 1.2.11
2020-05-29  0:59:48 0 [Note] InnoDB: Number of pools: 1
2020-05-29  0:59:48 0 [Note] InnoDB: Using SSE2 crc32 instructions
2020-05-29  0:59:48 0 [Note] InnoDB: Initializing buffer pool, total size = 16M, instances = 1, chunk size = 16M
2020-05-29  0:59:48 0 [Note] InnoDB: Completed initialization of buffer pool
2020-05-29  0:59:48 0 [Note] InnoDB: Starting crash recovery from checkpoint LSN=565822
2020-05-29  0:59:48 0 [Note] InnoDB: 128 out of 128 rollback segments are active.
2020-05-29  0:59:48 0 [Note] InnoDB: Removed temporary tablespace data file: "ibtmp1"
2020-05-29  0:59:48 0 [Note] InnoDB: Creating shared tablespace for temporary tables
2020-05-29  0:59:48 0 [Note] InnoDB: Setting file 'C:\xampp\pdsw2020_rodo\mysql\data\ibtmp1' size to 12 MB. Physically writing the file full; Please wait ...
2020-05-29  0:59:48 0 [Note] InnoDB: File 'C:\xampp\pdsw2020_rodo\mysql\data\ibtmp1' size is now 12 MB.
2020-05-29  0:59:48 0 [Note] InnoDB: Waiting for purge to start
2020-05-29  0:59:48 0 [Note] InnoDB: 10.4.11 started; log sequence number 565831; transaction id 543
2020-05-29  0:59:48 0 [Note] InnoDB: Loading buffer pool(s) from C:\xampp\pdsw2020_rodo\mysql\data\ib_buffer_pool
2020-05-29  0:59:48 0 [Note] Plugin 'FEEDBACK' is disabled.
2020-05-29  0:59:48 0 [Note] Server socket created on IP: '::'.
